{"C:\\Users\\USUARIO\\OneDrive\\Escritorio\\ProyectoMiCroverseDaniel\\TO-DO-LIST\\src\\modules\\link.js": {"path":"C:\\Users\\USUARIO\\OneDrive\\Escritorio\\ProyectoMiCroverseDaniel\\TO-DO-LIST\\src\\modules\\link.js","statementMap":{"0":{"start":{"line":1,"column":20},"end":{"line":1,"column":57}},"1":{"start":{"line":2,"column":21},"end":{"line":2,"column":56}}},"fnMap":{},"branchMap":{},"s":{"0":1,"1":1},"f":{},"b":{},"_coverageSchema":"1a1c01bbd47fc00a2c39e90264f33305004495a9","hash":"1370d0de54db0f613687316f544fca47926f9f00"}
,"C:\\Users\\USUARIO\\OneDrive\\Escritorio\\ProyectoMiCroverseDaniel\\TO-DO-LIST\\src\\modules\\render.js": {"path":"C:\\Users\\USUARIO\\OneDrive\\Escritorio\\ProyectoMiCroverseDaniel\\TO-DO-LIST\\src\\modules\\render.js","statementMap":{"0":{"start":{"line":6,"column":4},"end":{"line":6,"column":79}},"1":{"start":{"line":7,"column":4},"end":{"line":9,"column":5}},"2":{"start":{"line":8,"column":6},"end":{"line":8,"column":27}},"3":{"start":{"line":10,"column":4},"end":{"line":10,"column":23}},"4":{"start":{"line":12,"column":4},"end":{"line":16,"column":7}},"5":{"start":{"line":13,"column":6},"end":{"line":13,"column":29}},"6":{"start":{"line":14,"column":6},"end":{"line":14,"column":32}},"7":{"start":{"line":15,"column":6},"end":{"line":15,"column":23}},"8":{"start":{"line":28,"column":12},"end":{"line":37,"column":3}},"9":{"start":{"line":29,"column":20},"end":{"line":33,"column":5}},"10":{"start":{"line":34,"column":4},"end":{"line":34,"column":34}},"11":{"start":{"line":35,"column":4},"end":{"line":35,"column":30}},"12":{"start":{"line":36,"column":4},"end":{"line":36,"column":23}},"13":{"start":{"line":39,"column":15},"end":{"line":44,"column":3}},"14":{"start":{"line":40,"column":4},"end":{"line":40,"column":81}},"15":{"start":{"line":40,"column":63},"end":{"line":40,"column":79}},"16":{"start":{"line":41,"column":4},"end":{"line":41,"column":23}},"17":{"start":{"line":42,"column":4},"end":{"line":42,"column":30}},"18":{"start":{"line":43,"column":4},"end":{"line":43,"column":23}},"19":{"start":{"line":46,"column":13},"end":{"line":50,"column":3}},"20":{"start":{"line":47,"column":4},"end":{"line":47,"column":56}},"21":{"start":{"line":48,"column":4},"end":{"line":48,"column":30}},"22":{"start":{"line":49,"column":4},"end":{"line":49,"column":23}},"23":{"start":{"line":52,"column":11},"end":{"line":58,"column":3}},"24":{"start":{"line":53,"column":4},"end":{"line":57,"column":7}},"25":{"start":{"line":54,"column":6},"end":{"line":54,"column":29}},"26":{"start":{"line":55,"column":6},"end":{"line":55,"column":32}},"27":{"start":{"line":56,"column":6},"end":{"line":56,"column":23}},"28":{"start":{"line":60,"column":16},"end":{"line":134,"column":3}},"29":{"start":{"line":61,"column":21},"end":{"line":61,"column":58}},"30":{"start":{"line":62,"column":4},"end":{"line":62,"column":28}},"31":{"start":{"line":63,"column":4},"end":{"line":73,"column":7}},"32":{"start":{"line":64,"column":26},"end":{"line":71,"column":7}},"33":{"start":{"line":72,"column":6},"end":{"line":72,"column":40}},"34":{"start":{"line":75,"column":22},"end":{"line":75,"column":61}},"35":{"start":{"line":77,"column":4},"end":{"line":106,"column":7}},"36":{"start":{"line":78,"column":6},"end":{"line":105,"column":9}},"37":{"start":{"line":80,"column":22},"end":{"line":80,"column":57}},"38":{"start":{"line":81,"column":32},"end":{"line":81,"column":98}},"39":{"start":{"line":82,"column":27},"end":{"line":82,"column":88}},"40":{"start":{"line":85,"column":35},"end":{"line":85,"column":60}},"41":{"start":{"line":86,"column":8},"end":{"line":86,"column":39}},"42":{"start":{"line":87,"column":27},"end":{"line":87,"column":58}},"43":{"start":{"line":88,"column":8},"end":{"line":88,"column":45}},"44":{"start":{"line":89,"column":8},"end":{"line":89,"column":46}},"45":{"start":{"line":92,"column":8},"end":{"line":92,"column":48}},"46":{"start":{"line":93,"column":8},"end":{"line":93,"column":27}},"47":{"start":{"line":94,"column":8},"end":{"line":94,"column":41}},"48":{"start":{"line":95,"column":8},"end":{"line":95,"column":46}},"49":{"start":{"line":98,"column":8},"end":{"line":104,"column":11}},"50":{"start":{"line":99,"column":10},"end":{"line":103,"column":11}},"51":{"start":{"line":100,"column":35},"end":{"line":100,"column":51}},"52":{"start":{"line":101,"column":12},"end":{"line":101,"column":55}},"53":{"start":{"line":102,"column":12},"end":{"line":102,"column":49}},"54":{"start":{"line":108,"column":21},"end":{"line":108,"column":63}},"55":{"start":{"line":109,"column":4},"end":{"line":117,"column":7}},"56":{"start":{"line":110,"column":6},"end":{"line":116,"column":9}},"57":{"start":{"line":111,"column":22},"end":{"line":111,"column":55}},"58":{"start":{"line":112,"column":21},"end":{"line":112,"column":43}},"59":{"start":{"line":113,"column":8},"end":{"line":113,"column":39}},"60":{"start":{"line":114,"column":8},"end":{"line":114,"column":80}},"61":{"start":{"line":115,"column":8},"end":{"line":115,"column":27}},"62":{"start":{"line":119,"column":21},"end":{"line":119,"column":63}},"63":{"start":{"line":120,"column":4},"end":{"line":125,"column":7}},"64":{"start":{"line":121,"column":6},"end":{"line":121,"column":74}},"65":{"start":{"line":121,"column":57},"end":{"line":121,"column":72}},"66":{"start":{"line":122,"column":6},"end":{"line":122,"column":32}},"67":{"start":{"line":123,"column":6},"end":{"line":123,"column":25}},"68":{"start":{"line":124,"column":6},"end":{"line":124,"column":25}},"69":{"start":{"line":127,"column":24},"end":{"line":127,"column":65}},"70":{"start":{"line":128,"column":4},"end":{"line":133,"column":7}},"71":{"start":{"line":129,"column":6},"end":{"line":132,"column":9}},"72":{"start":{"line":130,"column":22},"end":{"line":130,"column":60}},"73":{"start":{"line":131,"column":8},"end":{"line":131,"column":31}},"74":{"start":{"line":136,"column":24},"end":{"line":138,"column":4}},"75":{"start":{"line":137,"column":5},"end":{"line":137,"column":77}},"76":{"start":{"line":141,"column":5},"end":{"line":143,"column":8}},"77":{"start":{"line":142,"column":7},"end":{"line":142,"column":33}},"78":{"start":{"line":144,"column":5},"end":{"line":144,"column":39}}},"fnMap":{"0":{"name":"(anonymous_0)","decl":{"start":{"line":5,"column":2},"end":{"line":5,"column":3}},"loc":{"start":{"line":5,"column":16},"end":{"line":17,"column":3}},"line":5},"1":{"name":"(anonymous_1)","decl":{"start":{"line":12,"column":36},"end":{"line":12,"column":37}},"loc":{"start":{"line":12,"column":47},"end":{"line":16,"column":5}},"line":12},"2":{"name":"(anonymous_2)","decl":{"start":{"line":28,"column":12},"end":{"line":28,"column":13}},"loc":{"start":{"line":28,"column":29},"end":{"line":37,"column":3}},"line":28},"3":{"name":"(anonymous_3)","decl":{"start":{"line":39,"column":15},"end":{"line":39,"column":16}},"loc":{"start":{"line":39,"column":26},"end":{"line":44,"column":3}},"line":39},"4":{"name":"(anonymous_4)","decl":{"start":{"line":40,"column":45},"end":{"line":40,"column":46}},"loc":{"start":{"line":40,"column":63},"end":{"line":40,"column":79}},"line":40},"5":{"name":"(anonymous_5)","decl":{"start":{"line":46,"column":13},"end":{"line":46,"column":14}},"loc":{"start":{"line":46,"column":40},"end":{"line":50,"column":3}},"line":46},"6":{"name":"(anonymous_6)","decl":{"start":{"line":52,"column":11},"end":{"line":52,"column":12}},"loc":{"start":{"line":52,"column":21},"end":{"line":58,"column":3}},"line":52},"7":{"name":"(anonymous_7)","decl":{"start":{"line":53,"column":36},"end":{"line":53,"column":37}},"loc":{"start":{"line":53,"column":47},"end":{"line":57,"column":5}},"line":53},"8":{"name":"(anonymous_8)","decl":{"start":{"line":60,"column":16},"end":{"line":60,"column":17}},"loc":{"start":{"line":60,"column":22},"end":{"line":134,"column":3}},"line":60},"9":{"name":"(anonymous_9)","decl":{"start":{"line":63,"column":28},"end":{"line":63,"column":29}},"loc":{"start":{"line":63,"column":45},"end":{"line":73,"column":5}},"line":63},"10":{"name":"(anonymous_10)","decl":{"start":{"line":77,"column":22},"end":{"line":77,"column":23}},"loc":{"start":{"line":77,"column":36},"end":{"line":106,"column":5}},"line":77},"11":{"name":"(anonymous_11)","decl":{"start":{"line":78,"column":41},"end":{"line":78,"column":42}},"loc":{"start":{"line":78,"column":47},"end":{"line":105,"column":7}},"line":78},"12":{"name":"(anonymous_12)","decl":{"start":{"line":98,"column":47},"end":{"line":98,"column":48}},"loc":{"start":{"line":98,"column":58},"end":{"line":104,"column":9}},"line":98},"13":{"name":"(anonymous_13)","decl":{"start":{"line":109,"column":21},"end":{"line":109,"column":22}},"loc":{"start":{"line":109,"column":32},"end":{"line":117,"column":5}},"line":109},"14":{"name":"(anonymous_14)","decl":{"start":{"line":110,"column":39},"end":{"line":110,"column":40}},"loc":{"start":{"line":110,"column":45},"end":{"line":116,"column":7}},"line":110},"15":{"name":"(anonymous_15)","decl":{"start":{"line":120,"column":39},"end":{"line":120,"column":40}},"loc":{"start":{"line":120,"column":45},"end":{"line":125,"column":5}},"line":120},"16":{"name":"(anonymous_16)","decl":{"start":{"line":121,"column":47},"end":{"line":121,"column":48}},"loc":{"start":{"line":121,"column":57},"end":{"line":121,"column":72}},"line":121},"17":{"name":"(anonymous_17)","decl":{"start":{"line":128,"column":24},"end":{"line":128,"column":25}},"loc":{"start":{"line":128,"column":40},"end":{"line":133,"column":5}},"line":128},"18":{"name":"(anonymous_18)","decl":{"start":{"line":129,"column":43},"end":{"line":129,"column":44}},"loc":{"start":{"line":129,"column":49},"end":{"line":132,"column":7}},"line":129},"19":{"name":"(anonymous_19)","decl":{"start":{"line":136,"column":24},"end":{"line":136,"column":25}},"loc":{"start":{"line":136,"column":30},"end":{"line":138,"column":4}},"line":136},"20":{"name":"(anonymous_20)","decl":{"start":{"line":140,"column":3},"end":{"line":140,"column":4}},"loc":{"start":{"line":140,"column":17},"end":{"line":145,"column":4}},"line":140},"21":{"name":"(anonymous_21)","decl":{"start":{"line":141,"column":29},"end":{"line":141,"column":30}},"loc":{"start":{"line":141,"column":49},"end":{"line":143,"column":6}},"line":141}},"branchMap":{"0":{"loc":{"start":{"line":6,"column":22},"end":{"line":6,"column":78}},"type":"binary-expr","locations":[{"start":{"line":6,"column":22},"end":{"line":6,"column":72}},{"start":{"line":6,"column":76},"end":{"line":6,"column":78}}],"line":6},"1":{"loc":{"start":{"line":7,"column":4},"end":{"line":9,"column":5}},"type":"if","locations":[{"start":{"line":7,"column":4},"end":{"line":9,"column":5}},{"start":{},"end":{}}],"line":7},"2":{"loc":{"start":{"line":7,"column":8},"end":{"line":7,"column":71}},"type":"binary-expr","locations":[{"start":{"line":7,"column":8},"end":{"line":7,"column":39}},{"start":{"line":7,"column":43},"end":{"line":7,"column":71}}],"line":7},"3":{"loc":{"start":{"line":66,"column":79},"end":{"line":66,"column":110}},"type":"cond-expr","locations":[{"start":{"line":66,"column":96},"end":{"line":66,"column":105}},{"start":{"line":66,"column":108},"end":{"line":66,"column":110}}],"line":66},"4":{"loc":{"start":{"line":99,"column":10},"end":{"line":103,"column":11}},"type":"if","locations":[{"start":{"line":99,"column":10},"end":{"line":103,"column":11}},{"start":{},"end":{}}],"line":99}},"s":{"0":2,"1":2,"2":2,"3":2,"4":2,"5":0,"6":0,"7":0,"8":2,"9":0,"10":0,"11":0,"12":0,"13":2,"14":0,"15":0,"16":0,"17":0,"18":0,"19":2,"20":0,"21":0,"22":0,"23":2,"24":0,"25":0,"26":0,"27":0,"28":2,"29":2,"30":2,"31":2,"32":0,"33":0,"34":2,"35":2,"36":0,"37":0,"38":0,"39":0,"40":0,"41":0,"42":0,"43":0,"44":0,"45":0,"46":0,"47":0,"48":0,"49":0,"50":0,"51":0,"52":0,"53":0,"54":2,"55":2,"56":0,"57":0,"58":0,"59":0,"60":0,"61":0,"62":2,"63":2,"64":0,"65":0,"66":0,"67":0,"68":0,"69":2,"70":2,"71":0,"72":0,"73":0,"74":2,"75":0,"76":0,"77":0,"78":0},"f":{"0":2,"1":0,"2":0,"3":0,"4":0,"5":0,"6":0,"7":0,"8":2,"9":0,"10":0,"11":0,"12":0,"13":0,"14":0,"15":0,"16":0,"17":0,"18":0,"19":0,"20":0,"21":0},"b":{"0":[2,2],"1":[2,0],"2":[2,2],"3":[0,0],"4":[0,0]},"_coverageSchema":"1a1c01bbd47fc00a2c39e90264f33305004495a9","hash":"e7d43201b51fbe8a3262b462a42174f3d786d394"}
}
