TN:
SF:src\modules\link.js
FNF:0
FNH:0
DA:1,1
DA:2,1
LF:2
LH:2
BRF:0
BRH:0
end_of_record
TN:
SF:src\modules\render.js
FN:5,(anonymous_0)
FN:12,(anonymous_1)
FN:28,(anonymous_2)
FN:39,(anonymous_3)
FN:40,(anonymous_4)
FN:46,(anonymous_5)
FN:52,(anonymous_6)
FN:53,(anonymous_7)
FN:60,(anonymous_8)
FN:63,(anonymous_9)
FN:77,(anonymous_10)
FN:78,(anonymous_11)
FN:98,(anonymous_12)
FN:109,(anonymous_13)
FN:110,(anonymous_14)
FN:120,(anonymous_15)
FN:121,(anonymous_16)
FN:128,(anonymous_17)
FN:129,(anonymous_18)
FN:136,(anonymous_19)
FN:140,(anonymous_20)
FN:141,(anonymous_21)
FNF:22
FNH:2
FNDA:2,(anonymous_0)
FNDA:0,(anonymous_1)
FNDA:0,(anonymous_2)
FNDA:0,(anonymous_3)
FNDA:0,(anonymous_4)
FNDA:0,(anonymous_5)
FNDA:0,(anonymous_6)
FNDA:0,(anonymous_7)
FNDA:2,(anonymous_8)
FNDA:0,(anonymous_9)
FNDA:0,(anonymous_10)
FNDA:0,(anonymous_11)
FNDA:0,(anonymous_12)
FNDA:0,(anonymous_13)
FNDA:0,(anonymous_14)
FNDA:0,(anonymous_15)
FNDA:0,(anonymous_16)
FNDA:0,(anonymous_17)
FNDA:0,(anonymous_18)
FNDA:0,(anonymous_19)
FNDA:0,(anonymous_20)
FNDA:0,(anonymous_21)
DA:6,2
DA:7,2
DA:8,2
DA:10,2
DA:12,2
DA:13,0
DA:14,0
DA:15,0
DA:28,2
DA:29,0
DA:34,0
DA:35,0
DA:36,0
DA:39,2
DA:40,0
DA:41,0
DA:42,0
DA:43,0
DA:46,2
DA:47,0
DA:48,0
DA:49,0
DA:52,2
DA:53,0
DA:54,0
DA:55,0
DA:56,0
DA:60,2
DA:61,2
DA:62,2
DA:63,2
DA:64,0
DA:72,0
DA:75,2
DA:77,2
DA:78,0
DA:80,0
DA:81,0
DA:82,0
DA:85,0
DA:86,0
DA:87,0
DA:88,0
DA:89,0
DA:92,0
DA:93,0
DA:94,0
DA:95,0
DA:98,0
DA:99,0
DA:100,0
DA:101,0
DA:102,0
DA:108,2
DA:109,2
DA:110,0
DA:111,0
DA:112,0
DA:113,0
DA:114,0
DA:115,0
DA:119,2
DA:120,2
DA:121,0
DA:122,0
DA:123,0
DA:124,0
DA:127,2
DA:128,2
DA:129,0
DA:130,0
DA:131,0
DA:136,2
DA:137,0
DA:141,0
DA:142,0
DA:144,0
LF:77
LH:22
BRDA:6,0,0,2
BRDA:6,0,1,2
BRDA:7,1,0,2
BRDA:7,1,1,0
BRDA:7,2,0,2
BRDA:7,2,1,2
BRDA:66,3,0,0
BRDA:66,3,1,0
BRDA:99,4,0,0
BRDA:99,4,1,0
BRF:10
BRH:5
end_of_record
